<?xml version="1.0" encoding="UTF-8"?>
<testsuite name="de.ProPra.Articles.VerleihApplicationTests" tests="1" skipped="0" failures="0" errors="0" timestamp="2019-02-12T11:36:40" hostname="meduseld" time="0.288">
  <properties/>
  <testcase name="contextLoads" classname="de.ProPra.Articles.VerleihApplicationTests" time="0.288"/>
  <system-out><![CDATA[12:36:08.244 [Test worker] DEBUG org.springframework.test.context.junit4.SpringJUnit4ClassRunner - SpringJUnit4ClassRunner constructor called with [class de.ProPra.Articles.VerleihApplicationTests]
12:36:08.268 [Test worker] DEBUG org.springframework.test.context.BootstrapUtils - Instantiating CacheAwareContextLoaderDelegate from class [org.springframework.test.context.cache.DefaultCacheAwareContextLoaderDelegate]
12:36:08.364 [Test worker] DEBUG org.springframework.test.context.BootstrapUtils - Instantiating BootstrapContext using constructor [public org.springframework.test.context.support.DefaultBootstrapContext(java.lang.Class,org.springframework.test.context.CacheAwareContextLoaderDelegate)]
12:36:08.428 [Test worker] DEBUG org.springframework.test.context.BootstrapUtils - Instantiating TestContextBootstrapper for test class [de.ProPra.Articles.VerleihApplicationTests] from class [org.springframework.boot.test.context.SpringBootTestContextBootstrapper]
12:36:08.471 [Test worker] INFO org.springframework.boot.test.context.SpringBootTestContextBootstrapper - Neither @ContextConfiguration nor @ContextHierarchy found for test class [de.ProPra.Articles.VerleihApplicationTests], using SpringBootContextLoader
12:36:08.483 [Test worker] DEBUG org.springframework.test.context.support.AbstractContextLoader - Did not detect default resource location for test class [de.ProPra.Articles.VerleihApplicationTests]: class path resource [de/ProPra/Articles/VerleihApplicationTests-context.xml] does not exist
12:36:08.485 [Test worker] DEBUG org.springframework.test.context.support.AbstractContextLoader - Did not detect default resource location for test class [de.ProPra.Articles.VerleihApplicationTests]: class path resource [de/ProPra/Articles/VerleihApplicationTestsContext.groovy] does not exist
12:36:08.485 [Test worker] INFO org.springframework.test.context.support.AbstractContextLoader - Could not detect default resource locations for test class [de.ProPra.Articles.VerleihApplicationTests]: no resource found for suffixes {-context.xml, Context.groovy}.
12:36:08.490 [Test worker] INFO org.springframework.test.context.support.AnnotationConfigContextLoaderUtils - Could not detect default configuration classes for test class [de.ProPra.Articles.VerleihApplicationTests]: VerleihApplicationTests does not declare any static, non-private, non-final, nested classes annotated with @Configuration.
12:36:08.702 [Test worker] DEBUG org.springframework.test.context.support.ActiveProfilesUtils - Could not find an 'annotation declaring class' for annotation type [org.springframework.test.context.ActiveProfiles] and class [de.ProPra.Articles.VerleihApplicationTests]
12:36:09.056 [Test worker] DEBUG org.springframework.context.annotation.ClassPathScanningCandidateComponentProvider - Identified candidate component class: file [/home/david/Schreibtisch/HHU Düsseldorf/4. Semester/Softwareentwicklung im Team/Projekte/Abschlussprojekt/abschlussprojekt-so-long-and-thanks-for-all-the-fish/Artikel/build/classes/java/main/de/ProPra/Articles/VerleihApplication.class]
12:36:09.061 [Test worker] INFO org.springframework.boot.test.context.SpringBootTestContextBootstrapper - Found @SpringBootConfiguration de.ProPra.Articles.VerleihApplication for test class de.ProPra.Articles.VerleihApplicationTests
12:36:09.559 [Test worker] DEBUG org.springframework.boot.test.context.SpringBootTestContextBootstrapper - @TestExecutionListeners is not present for class [de.ProPra.Articles.VerleihApplicationTests]: using defaults.
12:36:09.562 [Test worker] INFO org.springframework.boot.test.context.SpringBootTestContextBootstrapper - Loaded default TestExecutionListener class names from location [META-INF/spring.factories]: [org.springframework.security.test.context.support.WithSecurityContextTestExecutionListener, org.springframework.security.test.context.support.ReactorContextTestExecutionListener, org.springframework.boot.test.autoconfigure.restdocs.RestDocsTestExecutionListener, org.springframework.boot.test.autoconfigure.web.client.MockRestServiceServerResetTestExecutionListener, org.springframework.boot.test.autoconfigure.web.servlet.MockMvcPrintOnlyOnFailureTestExecutionListener, org.springframework.boot.test.autoconfigure.web.servlet.WebDriverTestExecutionListener, org.springframework.boot.test.mock.mockito.MockitoTestExecutionListener, org.springframework.boot.test.mock.mockito.ResetMocksTestExecutionListener, org.springframework.test.context.web.ServletTestExecutionListener, org.springframework.test.context.support.DirtiesContextBeforeModesTestExecutionListener, org.springframework.test.context.support.DependencyInjectionTestExecutionListener, org.springframework.test.context.support.DirtiesContextTestExecutionListener, org.springframework.test.context.transaction.TransactionalTestExecutionListener, org.springframework.test.context.jdbc.SqlScriptsTestExecutionListener]
12:36:09.691 [Test worker] INFO org.springframework.boot.test.context.SpringBootTestContextBootstrapper - Using TestExecutionListeners: [org.springframework.test.context.web.ServletTestExecutionListener@3cccd50c, org.springframework.test.context.support.DirtiesContextBeforeModesTestExecutionListener@4752613b, org.springframework.boot.test.mock.mockito.MockitoTestExecutionListener@4c489b42, org.springframework.boot.test.autoconfigure.SpringBootDependencyInjectionTestExecutionListener@109df70c, org.springframework.test.context.support.DirtiesContextTestExecutionListener@4a2324a6, org.springframework.test.context.transaction.TransactionalTestExecutionListener@1eacdf60, org.springframework.test.context.jdbc.SqlScriptsTestExecutionListener@16b6c57c, org.springframework.security.test.context.support.WithSecurityContextTestExecutionListener@696c6531, org.springframework.security.test.context.support.ReactorContextTestExecutionListener@3ab97aae, org.springframework.boot.test.autoconfigure.restdocs.RestDocsTestExecutionListener@4296e546, org.springframework.boot.test.autoconfigure.web.client.MockRestServiceServerResetTestExecutionListener@622b454d, org.springframework.boot.test.autoconfigure.web.servlet.MockMvcPrintOnlyOnFailureTestExecutionListener@6864f1d4, org.springframework.boot.test.autoconfigure.web.servlet.WebDriverTestExecutionListener@19798a7c, org.springframework.boot.test.mock.mockito.ResetMocksTestExecutionListener@6cb0f0c0]
12:36:09.703 [Test worker] DEBUG org.springframework.test.annotation.ProfileValueUtils - Retrieved @ProfileValueSourceConfiguration [null] for test class [de.ProPra.Articles.VerleihApplicationTests]
12:36:09.706 [Test worker] DEBUG org.springframework.test.annotation.ProfileValueUtils - Retrieved ProfileValueSource type [class org.springframework.test.annotation.SystemProfileValueSource] for class [de.ProPra.Articles.VerleihApplicationTests]
12:36:09.710 [Test worker] DEBUG org.springframework.test.annotation.ProfileValueUtils - Retrieved @ProfileValueSourceConfiguration [null] for test class [de.ProPra.Articles.VerleihApplicationTests]
12:36:09.712 [Test worker] DEBUG org.springframework.test.annotation.ProfileValueUtils - Retrieved ProfileValueSource type [class org.springframework.test.annotation.SystemProfileValueSource] for class [de.ProPra.Articles.VerleihApplicationTests]
12:36:09.728 [Test worker] DEBUG org.springframework.test.context.support.AbstractDirtiesContextTestExecutionListener - Before test class: context [DefaultTestContext@6e7ad5d8 testClass = VerleihApplicationTests, testInstance = [null], testMethod = [null], testException = [null], mergedContextConfiguration = [WebMergedContextConfiguration@274eb251 testClass = VerleihApplicationTests, locations = '{}', classes = '{class de.ProPra.Articles.VerleihApplication}', contextInitializerClasses = '[]', activeProfiles = '{}', propertySourceLocations = '{}', propertySourceProperties = '{org.springframework.boot.test.context.SpringBootTestContextBootstrapper=true}', contextCustomizers = set[org.springframework.boot.test.autoconfigure.properties.PropertyMappingContextCustomizer@0, org.springframework.boot.test.autoconfigure.web.servlet.WebDriverContextCustomizerFactory$Customizer@61797a40, org.springframework.boot.test.context.filter.ExcludeFilterContextCustomizer@ed3c4d2, org.springframework.boot.test.json.DuplicateJsonObjectContextCustomizerFactory$DuplicateJsonObjectContextCustomizer@416fe42f, org.springframework.boot.test.mock.mockito.MockitoContextCustomizer@0, org.springframework.boot.test.web.client.TestRestTemplateContextCustomizer@750a8dec, org.springframework.boot.test.web.reactive.server.WebTestClientContextCustomizer@6c87c553], resourceBasePath = 'src/main/webapp', contextLoader = 'org.springframework.boot.test.context.SpringBootContextLoader', parent = [null]], attributes = map['org.springframework.test.context.web.ServletTestExecutionListener.activateListener' -> true]], class annotated with @DirtiesContext [false] with mode [null].
12:36:09.732 [Test worker] DEBUG org.springframework.test.annotation.ProfileValueUtils - Retrieved @ProfileValueSourceConfiguration [null] for test class [de.ProPra.Articles.VerleihApplicationTests]
12:36:09.733 [Test worker] DEBUG org.springframework.test.annotation.ProfileValueUtils - Retrieved ProfileValueSource type [class org.springframework.test.annotation.SystemProfileValueSource] for class [de.ProPra.Articles.VerleihApplicationTests]
12:36:09.824 [Test worker] DEBUG org.springframework.test.context.support.TestPropertySourceUtils - Adding inlined properties to environment: {spring.jmx.enabled=false, org.springframework.boot.test.context.SpringBootTestContextBootstrapper=true, server.port=-1}

  .   ____          _            __ _ _
 /\\ / ___'_ __ _ _(_)_ __  __ _ \ \ \ \
( ( )\___ | '_ | '_| | '_ \/ _` | \ \ \ \
 \\/  ___)| |_)| | | | | || (_| |  ) ) ) )
  '  |____| .__|_| |_|_| |_\__, | / / / /
 =========|_|==============|___/=/_/_/_/
 :: Spring Boot ::        (v2.1.2.RELEASE)

2019-02-12 12:36:11.487  INFO 14709 --- [    Test worker] d.P.Articles.VerleihApplicationTests     : Starting VerleihApplicationTests on meduseld with PID 14709 (started by david in /home/david/Schreibtisch/HHU Düsseldorf/4. Semester/Softwareentwicklung im Team/Projekte/Abschlussprojekt/abschlussprojekt-so-long-and-thanks-for-all-the-fish/Artikel)
2019-02-12 12:36:11.502  INFO 14709 --- [    Test worker] d.P.Articles.VerleihApplicationTests     : No active profile set, falling back to default profiles: default
2019-02-12 12:36:17.725  INFO 14709 --- [    Test worker] .s.d.r.c.RepositoryConfigurationDelegate : Bootstrapping Spring Data repositories in DEFAULT mode.
2019-02-12 12:36:18.533  INFO 14709 --- [    Test worker] .s.d.r.c.RepositoryConfigurationDelegate : Finished Spring Data repository scanning in 757ms. Found 1 repository interfaces.
2019-02-12 12:36:21.173  INFO 14709 --- [    Test worker] trationDelegate$BeanPostProcessorChecker : Bean 'org.springframework.transaction.annotation.ProxyTransactionManagementConfiguration' of type [org.springframework.transaction.annotation.ProxyTransactionManagementConfiguration$$EnhancerBySpringCGLIB$$693bd738] is not eligible for getting processed by all BeanPostProcessors (for example: not eligible for auto-proxying)
2019-02-12 12:36:21.355  INFO 14709 --- [    Test worker] trationDelegate$BeanPostProcessorChecker : Bean 'org.springframework.hateoas.config.HateoasConfiguration' of type [org.springframework.hateoas.config.HateoasConfiguration$$EnhancerBySpringCGLIB$$e8bc246a] is not eligible for getting processed by all BeanPostProcessors (for example: not eligible for auto-proxying)
2019-02-12 12:36:23.343  INFO 14709 --- [    Test worker] com.zaxxer.hikari.HikariDataSource       : HikariPool-1 - Starting...
2019-02-12 12:36:24.092  INFO 14709 --- [    Test worker] com.zaxxer.hikari.HikariDataSource       : HikariPool-1 - Start completed.
2019-02-12 12:36:24.582  INFO 14709 --- [    Test worker] o.hibernate.jpa.internal.util.LogHelper  : HHH000204: Processing PersistenceUnitInfo [
	name: default
	...]
2019-02-12 12:36:24.873  INFO 14709 --- [    Test worker] org.hibernate.Version                    : HHH000412: Hibernate Core {5.3.7.Final}
2019-02-12 12:36:24.882  INFO 14709 --- [    Test worker] org.hibernate.cfg.Environment            : HHH000206: hibernate.properties not found
2019-02-12 12:36:25.567  INFO 14709 --- [    Test worker] o.hibernate.annotations.common.Version   : HCANN000001: Hibernate Commons Annotations {5.0.4.Final}
2019-02-12 12:36:26.359  INFO 14709 --- [    Test worker] org.hibernate.dialect.Dialect            : HHH000400: Using dialect: org.hibernate.dialect.H2Dialect
2019-02-12 12:36:29.477  INFO 14709 --- [    Test worker] o.h.t.schema.internal.SchemaCreatorImpl  : HHH000476: Executing import script 'org.hibernate.tool.schema.internal.exec.ScriptSourceInputNonExistentImpl@4e7bba1f'
2019-02-12 12:36:29.488  INFO 14709 --- [    Test worker] j.LocalContainerEntityManagerFactoryBean : Initialized JPA EntityManagerFactory for persistence unit 'default'
2019-02-12 12:36:35.885  INFO 14709 --- [    Test worker] o.s.s.concurrent.ThreadPoolTaskExecutor  : Initializing ExecutorService 'applicationTaskExecutor'
2019-02-12 12:36:36.162  WARN 14709 --- [    Test worker] aWebConfiguration$JpaWebMvcConfiguration : spring.jpa.open-in-view is enabled by default. Therefore, database queries may be performed during view rendering. Explicitly configure spring.jpa.open-in-view to disable this warning
2019-02-12 12:36:39.950  INFO 14709 --- [    Test worker] d.P.Articles.VerleihApplicationTests     : Started VerleihApplicationTests in 30.1 seconds (JVM running for 34.816)
]]></system-out>
  <system-err><![CDATA[]]></system-err>
</testsuite>
